<?xml version="1.0" encoding="UTF-8" standalone="no"?>
<!DOCTYPE log SYSTEM "logger.dtd">
<log>
<record>
  <date>2019-08-14T13:33:52</date>
  <millis>1565753632167</millis>
  <sequence>0</sequence>
  <level>START</level>
  <class>com.kms.katalon.core.logging.XmlKeywordLogger</class>
  <method>startSuite</method>
  <thread>1</thread>
  <message>Start Test Suite : Test Suites/TS_GetCountryDetails</message>
  <nestedLevel>0</nestedLevel>
  <property name="name">TS_GetCountryDetails</property>
  <property name="description"></property>
  <property name="id">Test Suites/TS_GetCountryDetails</property>
</record>
<record>
  <date>2019-08-14T13:33:52</date>
  <millis>1565753632205</millis>
  <sequence>1</sequence>
  <level>RUN_DATA</level>
  <class>com.kms.katalon.core.logging.XmlKeywordLogger</class>
  <method>logMessage</method>
  <thread>1</thread>
  <message>hostName = e3hit - HITESH-PC</message>
  <nestedLevel>0</nestedLevel>
  <property name="hostName">e3hit - HITESH-PC</property>
</record>
<record>
  <date>2019-08-14T13:33:52</date>
  <millis>1565753632207</millis>
  <sequence>2</sequence>
  <level>RUN_DATA</level>
  <class>com.kms.katalon.core.logging.XmlKeywordLogger</class>
  <method>logMessage</method>
  <thread>1</thread>
  <message>os = Windows 10 64bit</message>
  <nestedLevel>0</nestedLevel>
  <property name="os">Windows 10 64bit</property>
</record>
<record>
  <date>2019-08-14T13:33:52</date>
  <millis>1565753632208</millis>
  <sequence>3</sequence>
  <level>RUN_DATA</level>
  <class>com.kms.katalon.core.logging.XmlKeywordLogger</class>
  <method>logMessage</method>
  <thread>1</thread>
  <message>hostAddress = 192.168.1.114</message>
  <nestedLevel>0</nestedLevel>
  <property name="hostAddress">192.168.1.114</property>
</record>
<record>
  <date>2019-08-14T13:33:52</date>
  <millis>1565753632209</millis>
  <sequence>4</sequence>
  <level>RUN_DATA</level>
  <class>com.kms.katalon.core.logging.XmlKeywordLogger</class>
  <method>logMessage</method>
  <thread>1</thread>
  <message>katalonVersion = 6.3.1.2</message>
  <nestedLevel>0</nestedLevel>
  <property name="katalonVersion">6.3.1.2</property>
</record>
<record>
  <date>2019-08-14T13:33:52</date>
  <millis>1565753632802</millis>
  <sequence>5</sequence>
  <level>START</level>
  <class>com.kms.katalon.core.logging.XmlKeywordLogger</class>
  <method>startTest</method>
  <thread>1</thread>
  <message>Start Test Case : Test Cases/CountryInfoSoapService/TC_GetCapitalByCountryIsoCode</message>
  <nestedLevel>1</nestedLevel>
  <property name="name">Test Cases/CountryInfoSoapService/TC_GetCapitalByCountryIsoCode</property>
  <property name="description"></property>
  <property name="id">Test Cases/CountryInfoSoapService/TC_GetCapitalByCountryIsoCode</property>
  <property name="source">C:\\Users\\e3hit\\Documents\\GitHub\\Katalon\\Test Cases\\CountryInfoSoapService\\TC_GetCapitalByCountryIsoCode.tc</property>
  <property name="tag"></property>
  <property name="isOptional">false</property>
</record>
<record>
  <date>2019-08-14T13:33:53</date>
  <millis>1565753633701</millis>
  <sequence>7</sequence>
  <level>START</level>
  <class>com.kms.katalon.core.logging.XmlKeywordLogger</class>
  <method>startKeyword</method>
  <thread>1</thread>
  <message>Start action : countryListResponse = sendRequest(findTestObject(\&amp;quot;CountryInfoSoapService/GetCountryListByNames\&amp;quot;))</message>
  <nestedLevel>1</nestedLevel>
  <property name="startLine">16</property>
  <property name="stepIndex">1</property>
</record>
<record>
  <date>2019-08-14T13:34:02</date>
  <millis>1565753642780</millis>
  <sequence>10</sequence>
  <level>INFO</level>
  <class>com.kms.katalon.core.logging.XmlKeywordLogger</class>
  <method>logMessage</method>
  <thread>1</thread>
  <message>HAR: C:\\Users\\e3hit\\Documents\\GitHub\\Katalon\\Reports\\20190814_133345\\TS_GetCountryDetails\\20190814_133345\\requests\\main\\0.har</message>
  <nestedLevel>1</nestedLevel>
  <property name="harId">d90c7d13-5328-418b-9385-5deb495fd50c</property>
</record>
<record>
  <date>2019-08-14T13:34:02</date>
  <millis>1565753642963</millis>
  <sequence>11</sequence>
  <level>PASSED</level>
  <class>com.kms.katalon.core.logging.XmlKeywordLogger</class>
  <method>logMessage</method>
  <thread>1</thread>
  <message>Send request successfully</message>
  <nestedLevel>1</nestedLevel>
</record>
<record>
  <date>2019-08-14T13:34:02</date>
  <millis>1565753642965</millis>
  <sequence>12</sequence>
  <level>END</level>
  <class>com.kms.katalon.core.logging.XmlKeywordLogger</class>
  <method>endKeyword</method>
  <thread>1</thread>
  <message>End action : countryListResponse = sendRequest(findTestObject(\&amp;quot;CountryInfoSoapService/GetCountryListByNames\&amp;quot;))</message>
  <nestedLevel>1</nestedLevel>
</record>
<record>
  <date>2019-08-14T13:34:02</date>
  <millis>1565753642965</millis>
  <sequence>13</sequence>
  <level>START</level>
  <class>com.kms.katalon.core.logging.XmlKeywordLogger</class>
  <method>startKeyword</method>
  <thread>1</thread>
  <message>Start action : countryListXml = responseBodyContent</message>
  <nestedLevel>1</nestedLevel>
  <property name="startLine">18</property>
  <property name="stepIndex">2</property>
</record>
<record>
  <date>2019-08-14T13:34:03</date>
  <millis>1565753643414</millis>
  <sequence>14</sequence>
  <level>END</level>
  <class>com.kms.katalon.core.logging.XmlKeywordLogger</class>
  <method>endKeyword</method>
  <thread>1</thread>
  <message>End action : countryListXml = responseBodyContent</message>
  <nestedLevel>1</nestedLevel>
</record>
<record>
  <date>2019-08-14T13:34:03</date>
  <millis>1565753643415</millis>
  <sequence>15</sequence>
  <level>START</level>
  <class>com.kms.katalon.core.logging.XmlKeywordLogger</class>
  <method>startKeyword</method>
  <thread>1</thread>
  <message>Start action : countryListValues = XmlSlurper().parseText(countryListXml)</message>
  <nestedLevel>1</nestedLevel>
  <property name="startLine">20</property>
  <property name="stepIndex">3</property>
</record>
<record>
  <date>2019-08-14T13:34:03</date>
  <millis>1565753643522</millis>
  <sequence>16</sequence>
  <level>END</level>
  <class>com.kms.katalon.core.logging.XmlKeywordLogger</class>
  <method>endKeyword</method>
  <thread>1</thread>
  <message>End action : countryListValues = XmlSlurper().parseText(countryListXml)</message>
  <nestedLevel>1</nestedLevel>
</record>
<record>
  <date>2019-08-14T13:34:03</date>
  <millis>1565753643524</millis>
  <sequence>17</sequence>
  <level>START</level>
  <class>com.kms.katalon.core.logging.XmlKeywordLogger</class>
  <method>startKeyword</method>
  <thread>1</thread>
  <message>Start action : countryCode = sISOCode.text()</message>
  <nestedLevel>1</nestedLevel>
  <property name="startLine">22</property>
  <property name="stepIndex">4</property>
</record>
<record>
  <date>2019-08-14T13:34:03</date>
  <millis>1565753643842</millis>
  <sequence>18</sequence>
  <level>END</level>
  <class>com.kms.katalon.core.logging.XmlKeywordLogger</class>
  <method>endKeyword</method>
  <thread>1</thread>
  <message>End action : countryCode = sISOCode.text()</message>
  <nestedLevel>1</nestedLevel>
</record>
<record>
  <date>2019-08-14T13:34:03</date>
  <millis>1565753643848</millis>
  <sequence>19</sequence>
  <level>START</level>
  <class>com.kms.katalon.core.logging.XmlKeywordLogger</class>
  <method>startKeyword</method>
  <thread>1</thread>
  <message>Start action : sendRequest(findTestObject(\&amp;quot;CountryInfoSoapService/GetCapital\&amp;quot;))</message>
  <nestedLevel>1</nestedLevel>
  <property name="startLine">24</property>
  <property name="stepIndex">5</property>
</record>
<record>
  <date>2019-08-14T13:34:09</date>
  <millis>1565753649654</millis>
  <sequence>22</sequence>
  <level>INFO</level>
  <class>com.kms.katalon.core.logging.XmlKeywordLogger</class>
  <method>logMessage</method>
  <thread>1</thread>
  <message>HAR: C:\\Users\\e3hit\\Documents\\GitHub\\Katalon\\Reports\\20190814_133345\\TS_GetCountryDetails\\20190814_133345\\requests\\main\\1.har</message>
  <nestedLevel>1</nestedLevel>
  <property name="harId">e16c6237-726f-4cbe-8985-a19636d7640f</property>
</record>
<record>
  <date>2019-08-14T13:34:09</date>
  <millis>1565753649704</millis>
  <sequence>23</sequence>
  <level>PASSED</level>
  <class>com.kms.katalon.core.logging.XmlKeywordLogger</class>
  <method>logMessage</method>
  <thread>1</thread>
  <message>Send request successfully</message>
  <nestedLevel>1</nestedLevel>
</record>
<record>
  <date>2019-08-14T13:34:09</date>
  <millis>1565753649704</millis>
  <sequence>24</sequence>
  <level>END</level>
  <class>com.kms.katalon.core.logging.XmlKeywordLogger</class>
  <method>endKeyword</method>
  <thread>1</thread>
  <message>End action : sendRequest(findTestObject(\&amp;quot;CountryInfoSoapService/GetCapital\&amp;quot;))</message>
  <nestedLevel>1</nestedLevel>
</record>
<record>
  <date>2019-08-14T13:34:09</date>
  <millis>1565753649704</millis>
  <sequence>25</sequence>
  <level>PASSED</level>
  <class>com.kms.katalon.core.logging.XmlKeywordLogger</class>
  <method>logMessage</method>
  <thread>1</thread>
  <message>Test Cases/CountryInfoSoapService/TC_GetCapitalByCountryIsoCode</message>
  <nestedLevel>1</nestedLevel>
</record>
<record>
  <date>2019-08-14T13:34:09</date>
  <millis>1565753649704</millis>
  <sequence>26</sequence>
  <level>END</level>
  <class>com.kms.katalon.core.logging.XmlKeywordLogger</class>
  <method>endTest</method>
  <thread>1</thread>
  <message>End Test Case : Test Cases/CountryInfoSoapService/TC_GetCapitalByCountryIsoCode</message>
  <nestedLevel>0</nestedLevel>
</record>
<record>
  <date>2019-08-14T13:34:09</date>
  <millis>1565753649719</millis>
  <sequence>27</sequence>
  <level>START</level>
  <class>com.kms.katalon.core.logging.XmlKeywordLogger</class>
  <method>startTest</method>
  <thread>1</thread>
  <message>Start Test Case : Test Cases/CountryInfoSoapService/TC_GetCurrencyByCountryIsoCode</message>
  <nestedLevel>1</nestedLevel>
  <property name="name">Test Cases/CountryInfoSoapService/TC_GetCurrencyByCountryIsoCode</property>
  <property name="description"></property>
  <property name="id">Test Cases/CountryInfoSoapService/TC_GetCurrencyByCountryIsoCode</property>
  <property name="source">C:\\Users\\e3hit\\Documents\\GitHub\\Katalon\\Test Cases\\CountryInfoSoapService\\TC_GetCurrencyByCountryIsoCode.tc</property>
  <property name="tag"></property>
  <property name="isOptional">false</property>
</record>
<record>
  <date>2019-08-14T13:34:10</date>
  <millis>1565753650112</millis>
  <sequence>29</sequence>
  <level>START</level>
  <class>com.kms.katalon.core.logging.XmlKeywordLogger</class>
  <method>startKeyword</method>
  <thread>1</thread>
  <message>Start action : countryListResponse = sendRequest(findTestObject(\&amp;quot;CountryInfoSoapService/GetCountryListByNames\&amp;quot;))</message>
  <nestedLevel>1</nestedLevel>
  <property name="startLine">16</property>
  <property name="stepIndex">1</property>
</record>
<record>
  <date>2019-08-14T13:34:18</date>
  <millis>1565753658028</millis>
  <sequence>32</sequence>
  <level>INFO</level>
  <class>com.kms.katalon.core.logging.XmlKeywordLogger</class>
  <method>logMessage</method>
  <thread>1</thread>
  <message>HAR: C:\\Users\\e3hit\\Documents\\GitHub\\Katalon\\Reports\\20190814_133345\\TS_GetCountryDetails\\20190814_133345\\requests\\main\\2.har</message>
  <nestedLevel>1</nestedLevel>
  <property name="harId">2c065330-13fc-4c8b-8ad9-d13c8739daf0</property>
</record>
<record>
  <date>2019-08-14T13:34:18</date>
  <millis>1565753658072</millis>
  <sequence>33</sequence>
  <level>PASSED</level>
  <class>com.kms.katalon.core.logging.XmlKeywordLogger</class>
  <method>logMessage</method>
  <thread>1</thread>
  <message>Send request successfully</message>
  <nestedLevel>1</nestedLevel>
</record>
<record>
  <date>2019-08-14T13:34:18</date>
  <millis>1565753658072</millis>
  <sequence>34</sequence>
  <level>END</level>
  <class>com.kms.katalon.core.logging.XmlKeywordLogger</class>
  <method>endKeyword</method>
  <thread>1</thread>
  <message>End action : countryListResponse = sendRequest(findTestObject(\&amp;quot;CountryInfoSoapService/GetCountryListByNames\&amp;quot;))</message>
  <nestedLevel>1</nestedLevel>
</record>
<record>
  <date>2019-08-14T13:34:18</date>
  <millis>1565753658072</millis>
  <sequence>35</sequence>
  <level>START</level>
  <class>com.kms.katalon.core.logging.XmlKeywordLogger</class>
  <method>startKeyword</method>
  <thread>1</thread>
  <message>Start action : countryListXml = responseBodyContent</message>
  <nestedLevel>1</nestedLevel>
  <property name="startLine">18</property>
  <property name="stepIndex">2</property>
</record>
<record>
  <date>2019-08-14T13:34:18</date>
  <millis>1565753658194</millis>
  <sequence>36</sequence>
  <level>END</level>
  <class>com.kms.katalon.core.logging.XmlKeywordLogger</class>
  <method>endKeyword</method>
  <thread>1</thread>
  <message>End action : countryListXml = responseBodyContent</message>
  <nestedLevel>1</nestedLevel>
</record>
<record>
  <date>2019-08-14T13:34:18</date>
  <millis>1565753658194</millis>
  <sequence>37</sequence>
  <level>START</level>
  <class>com.kms.katalon.core.logging.XmlKeywordLogger</class>
  <method>startKeyword</method>
  <thread>1</thread>
  <message>Start action : countryListValues = XmlSlurper().parseText(countryListXml)</message>
  <nestedLevel>1</nestedLevel>
  <property name="startLine">20</property>
  <property name="stepIndex">3</property>
</record>
<record>
  <date>2019-08-14T13:34:18</date>
  <millis>1565753658209</millis>
  <sequence>38</sequence>
  <level>END</level>
  <class>com.kms.katalon.core.logging.XmlKeywordLogger</class>
  <method>endKeyword</method>
  <thread>1</thread>
  <message>End action : countryListValues = XmlSlurper().parseText(countryListXml)</message>
  <nestedLevel>1</nestedLevel>
</record>
<record>
  <date>2019-08-14T13:34:18</date>
  <millis>1565753658209</millis>
  <sequence>39</sequence>
  <level>START</level>
  <class>com.kms.katalon.core.logging.XmlKeywordLogger</class>
  <method>startKeyword</method>
  <thread>1</thread>
  <message>Start action : countryCode = sISOCode.text()</message>
  <nestedLevel>1</nestedLevel>
  <property name="startLine">22</property>
  <property name="stepIndex">4</property>
</record>
<record>
  <date>2019-08-14T13:34:18</date>
  <millis>1565753658225</millis>
  <sequence>40</sequence>
  <level>END</level>
  <class>com.kms.katalon.core.logging.XmlKeywordLogger</class>
  <method>endKeyword</method>
  <thread>1</thread>
  <message>End action : countryCode = sISOCode.text()</message>
  <nestedLevel>1</nestedLevel>
</record>
<record>
  <date>2019-08-14T13:34:18</date>
  <millis>1565753658225</millis>
  <sequence>41</sequence>
  <level>START</level>
  <class>com.kms.katalon.core.logging.XmlKeywordLogger</class>
  <method>startKeyword</method>
  <thread>1</thread>
  <message>Start action : sendRequest(findTestObject(\&amp;quot;CountryInfoSoapService/GetCurrency\&amp;quot;))</message>
  <nestedLevel>1</nestedLevel>
  <property name="startLine">24</property>
  <property name="stepIndex">5</property>
</record>
<record>
  <date>2019-08-14T13:34:22</date>
  <millis>1565753662999</millis>
  <sequence>44</sequence>
  <level>INFO</level>
  <class>com.kms.katalon.core.logging.XmlKeywordLogger</class>
  <method>logMessage</method>
  <thread>1</thread>
  <message>HAR: C:\\Users\\e3hit\\Documents\\GitHub\\Katalon\\Reports\\20190814_133345\\TS_GetCountryDetails\\20190814_133345\\requests\\main\\3.har</message>
  <nestedLevel>1</nestedLevel>
  <property name="harId">83678acb-c7ab-4b21-9c9f-e012096e90aa</property>
</record>
<record>
  <date>2019-08-14T13:34:23</date>
  <millis>1565753663018</millis>
  <sequence>45</sequence>
  <level>PASSED</level>
  <class>com.kms.katalon.core.logging.XmlKeywordLogger</class>
  <method>logMessage</method>
  <thread>1</thread>
  <message>Send request successfully</message>
  <nestedLevel>1</nestedLevel>
</record>
<record>
  <date>2019-08-14T13:34:23</date>
  <millis>1565753663018</millis>
  <sequence>46</sequence>
  <level>END</level>
  <class>com.kms.katalon.core.logging.XmlKeywordLogger</class>
  <method>endKeyword</method>
  <thread>1</thread>
  <message>End action : sendRequest(findTestObject(\&amp;quot;CountryInfoSoapService/GetCurrency\&amp;quot;))</message>
  <nestedLevel>1</nestedLevel>
</record>
<record>
  <date>2019-08-14T13:34:23</date>
  <millis>1565753663018</millis>
  <sequence>47</sequence>
  <level>PASSED</level>
  <class>com.kms.katalon.core.logging.XmlKeywordLogger</class>
  <method>logMessage</method>
  <thread>1</thread>
  <message>Test Cases/CountryInfoSoapService/TC_GetCurrencyByCountryIsoCode</message>
  <nestedLevel>1</nestedLevel>
</record>
<record>
  <date>2019-08-14T13:34:23</date>
  <millis>1565753663018</millis>
  <sequence>48</sequence>
  <level>END</level>
  <class>com.kms.katalon.core.logging.XmlKeywordLogger</class>
  <method>endTest</method>
  <thread>1</thread>
  <message>End Test Case : Test Cases/CountryInfoSoapService/TC_GetCurrencyByCountryIsoCode</message>
  <nestedLevel>0</nestedLevel>
</record>
<record>
  <date>2019-08-14T13:34:23</date>
  <millis>1565753663329</millis>
  <sequence>49</sequence>
  <level>END</level>
  <class>com.kms.katalon.core.logging.XmlKeywordLogger</class>
  <method>endSuite</method>
  <thread>1</thread>
  <message>End Test Suite : Test Suites/TS_GetCountryDetails</message>
  <nestedLevel>0</nestedLevel>
</record>
</log>
